#-----------------------------------------------------------
# Vivado v2017.4 (64-bit)
# SW Build 2086221 on Fri Dec 15 20:55:39 MST 2017
# IP Build 2085800 on Fri Dec 15 22:25:07 MST 2017
# Start of session at: Wed Sep 17 10:57:31 2025
# Process ID: 21876
# Current directory: C:/Users/srish/project_3
# Command line: vivado.exe -gui_launcher_event rodinguilauncherevent8356 C:\Users\srish\project_3\project_3.xpr
# Log file: C:/Users/srish/project_3/vivado.log
# Journal file: C:/Users/srish/project_3\vivado.jou
#-----------------------------------------------------------
start_gui
open_project C:/Users/srish/project_3/project_3.xpr
Scanning sources...
Finished scanning sources
INFO: [IP_Flow 19-234] Refreshing IP repositories
INFO: [IP_Flow 19-1704] No user IP repositories specified
INFO: [IP_Flow 19-2313] Loaded Vivado IP repository 'C:/Xilinx/Vivado/2017.4/data/ip'.
open_project: Time (s): cpu = 00:00:14 ; elapsed = 00:00:13 . Memory (MB): peak = 818.309 ; gain = 62.297
update_compile_order -fileset sources_1
exit
INFO: [Common 17-206] Exiting Vivado at Wed Sep 17 11:04:41 2025...
